2024-01-25 21:10:48,709 [main] INFO  org.mongodb.driver.cluster               - Cluster created with settings {hosts=[localhost:27017], mode=SINGLE, requiredClusterType=UNKNOWN, serverSelectionTimeout='30000 ms', maxWaitQueueSize=500}
2024-01-25 21:10:48,740 [main] DEBUG org.mongodb.driver.cluster               - Updating cluster description to  {type=UNKNOWN, servers=[{address=localhost:27017, type=UNKNOWN, state=CONNECTING}]
2024-01-25 21:10:48,762 [cluster-ClusterId{value='65b2c04834ec9226cd5b0791', description='null'}-localhost:27017] DEBUG org.mongodb.driver.connection            - Closing connection connectionId{localValue:1}
2024-01-25 21:10:48,762 [cluster-ClusterId{value='65b2c04834ec9226cd5b0791', description='null'}-localhost:27017] INFO  org.mongodb.driver.cluster               - Exception in monitor thread while connecting to server localhost:27017
com.mongodb.MongoSocketOpenException: Exception opening socket
	at com.mongodb.internal.connection.SocketStream.open(SocketStream.java:70)
	at com.mongodb.internal.connection.InternalStreamConnection.open(InternalStreamConnection.java:128)
	at com.mongodb.internal.connection.DefaultServerMonitor$ServerMonitorRunnable.run(DefaultServerMonitor.java:117)
	at java.base/java.lang.Thread.run(Thread.java:1583)
Caused by: java.net.ConnectException: Connection refused: no further information
	at java.base/sun.nio.ch.Net.pollConnect(Native Method)
	at java.base/sun.nio.ch.Net.pollConnectNow(Net.java:682)
	at java.base/sun.nio.ch.NioSocketImpl.timedFinishConnect(NioSocketImpl.java:542)
	at java.base/sun.nio.ch.NioSocketImpl.connect(NioSocketImpl.java:592)
	at java.base/java.net.SocksSocketImpl.connect(SocksSocketImpl.java:327)
	at java.base/java.net.Socket.connect(Socket.java:751)
	at com.mongodb.internal.connection.SocketStreamHelper.initialize(SocketStreamHelper.java:64)
	at com.mongodb.internal.connection.SocketStream.initializeSocket(SocketStream.java:79)
	at com.mongodb.internal.connection.SocketStream.open(SocketStream.java:65)
	... 3 common frames omitted
2024-01-25 21:10:48,765 [cluster-ClusterId{value='65b2c04834ec9226cd5b0791', description='null'}-localhost:27017] DEBUG org.mongodb.driver.cluster               - Updating cluster description to  {type=UNKNOWN, servers=[{address=localhost:27017, type=UNKNOWN, state=CONNECTING, exception={com.mongodb.MongoSocketOpenException: Exception opening socket}, caused by {java.net.ConnectException: Connection refused: no further information}}]
2024-01-25 21:10:58,783 [cluster-ClusterId{value='65b2c04834ec9226cd5b0791', description='null'}-localhost:27017] DEBUG org.mongodb.driver.connection            - Closing connection connectionId{localValue:2}
2024-01-25 21:10:58,783 [cluster-ClusterId{value='65b2c04834ec9226cd5b0791', description='null'}-localhost:27017] DEBUG org.mongodb.driver.cluster               - Updating cluster description to  {type=UNKNOWN, servers=[{address=localhost:27017, type=UNKNOWN, state=CONNECTING, exception={com.mongodb.MongoSocketOpenException: Exception opening socket}, caused by {java.net.ConnectException: Connection refused: no further information}}]
2024-01-25 21:11:08,801 [cluster-ClusterId{value='65b2c04834ec9226cd5b0791', description='null'}-localhost:27017] DEBUG org.mongodb.driver.connection            - Closing connection connectionId{localValue:3}
2024-01-25 21:11:08,801 [cluster-ClusterId{value='65b2c04834ec9226cd5b0791', description='null'}-localhost:27017] DEBUG org.mongodb.driver.cluster               - Updating cluster description to  {type=UNKNOWN, servers=[{address=localhost:27017, type=UNKNOWN, state=CONNECTING, exception={com.mongodb.MongoSocketOpenException: Exception opening socket}, caused by {java.net.ConnectException: Connection refused: no further information}}]
2024-01-25 21:16:03,897 [main] INFO  org.mongodb.driver.cluster               - Cluster created with settings {hosts=[localhost:27017], mode=SINGLE, requiredClusterType=UNKNOWN, serverSelectionTimeout='30000 ms', maxWaitQueueSize=500}
2024-01-25 21:16:03,952 [cluster-ClusterId{value='65b2c1835673810da8b13f75', description='null'}-localhost:27017] DEBUG org.mongodb.driver.connection            - Closing connection connectionId{localValue:1}
2024-01-25 21:16:03,952 [cluster-ClusterId{value='65b2c1835673810da8b13f75', description='null'}-localhost:27017] INFO  org.mongodb.driver.cluster               - Exception in monitor thread while connecting to server localhost:27017
com.mongodb.MongoSocketOpenException: Exception opening socket
	at com.mongodb.internal.connection.SocketStream.open(SocketStream.java:70)
	at com.mongodb.internal.connection.InternalStreamConnection.open(InternalStreamConnection.java:128)
	at com.mongodb.internal.connection.DefaultServerMonitor$ServerMonitorRunnable.run(DefaultServerMonitor.java:117)
	at java.base/java.lang.Thread.run(Thread.java:1583)
Caused by: java.net.ConnectException: Connection refused: no further information
	at java.base/sun.nio.ch.Net.pollConnect(Native Method)
	at java.base/sun.nio.ch.Net.pollConnectNow(Net.java:682)
	at java.base/sun.nio.ch.NioSocketImpl.timedFinishConnect(NioSocketImpl.java:542)
	at java.base/sun.nio.ch.NioSocketImpl.connect(NioSocketImpl.java:592)
	at java.base/java.net.SocksSocketImpl.connect(SocksSocketImpl.java:327)
	at java.base/java.net.Socket.connect(Socket.java:751)
	at com.mongodb.internal.connection.SocketStreamHelper.initialize(SocketStreamHelper.java:64)
	at com.mongodb.internal.connection.SocketStream.initializeSocket(SocketStream.java:79)
	at com.mongodb.internal.connection.SocketStream.open(SocketStream.java:65)
	... 3 common frames omitted
2024-01-25 21:16:13,978 [cluster-ClusterId{value='65b2c1835673810da8b13f75', description='null'}-localhost:27017] DEBUG org.mongodb.driver.connection            - Closing connection connectionId{localValue:2}
2024-01-25 21:16:24,003 [cluster-ClusterId{value='65b2c1835673810da8b13f75', description='null'}-localhost:27017] DEBUG org.mongodb.driver.connection            - Closing connection connectionId{localValue:3}
2024-01-26 18:00:35,455 [cluster-ClusterId{value='65b3e532ea46914191b37265', description='null'}-localhost:27017] DEBUG org.mongodb.driver.protocol.command      - Sending command '{"ismaster": 1, "$db": "admin"}' with request id 3 to database admin on connection [connectionId{localValue:1, serverValue:15}] to server localhost:27017
2024-01-26 18:00:35,463 [cluster-ClusterId{value='65b3e532ea46914191b37265', description='null'}-localhost:27017] DEBUG org.mongodb.driver.protocol.command      - Execution of command with request id 3 completed successfully in 47.31 ms on connection [connectionId{localValue:1, serverValue:15}] to server localhost:27017
2024-01-26 18:00:35,495 [main] DEBUG org.mongodb.driver.operation             - retryWrites set to true but the server is a standalone server.
2024-01-26 18:00:35,507 [main] DEBUG org.mongodb.driver.protocol.command      - Sending command '{"insert": "pruebasJava", "ordered": true, "$db": "pruebasJava", "lsid": {"id": {"$binary": {"base64": "RSVfAVYIQRS+WNfMl7O/Ow==", "subType": "04"}}}, "documents": [{"_id": {"$oid": "65b3e533ea46914191b37266"}, "Name": "Carlos", "Surname": "Velasco", "num": 1}]}' with request id 6 to database pruebasJava on connection [connectionId{localValue:2, serverValue:16}] to server localhost:27017
2024-01-26 18:00:35,541 [main] DEBUG org.mongodb.driver.protocol.command      - Execution of command with request id 6 completed successfully in 38.81 ms on connection [connectionId{localValue:2, serverValue:16}] to server localhost:27017
2024-01-26 18:00:35,545 [main] DEBUG org.mongodb.driver.operation             - retryWrites set to true but the server is a standalone server.
2024-01-26 18:00:35,547 [main] DEBUG org.mongodb.driver.protocol.command      - Sending command '{"insert": "pruebasJava", "ordered": true, "$db": "pruebasJava", "lsid": {"id": {"$binary": {"base64": "RSVfAVYIQRS+WNfMl7O/Ow==", "subType": "04"}}}, "documents": [{"_id": {"$oid": "65b3e533ea46914191b37267"}, "Name": "Alvaro", "Surname": "Aparicio", "num": 2}]}' with request id 7 to database pruebasJava on connection [connectionId{localValue:2, serverValue:16}] to server localhost:27017
2024-01-26 18:00:35,549 [main] DEBUG org.mongodb.driver.protocol.command      - Execution of command with request id 7 completed successfully in 2.62 ms on connection [connectionId{localValue:2, serverValue:16}] to server localhost:27017
2024-01-26 18:00:35,550 [main] DEBUG org.mongodb.driver.operation             - retryWrites set to true but the server is a standalone server.
2024-01-26 18:00:35,552 [main] DEBUG org.mongodb.driver.protocol.command      - Sending command '{"insert": "pruebasJava", "ordered": true, "$db": "pruebasJava", "lsid": {"id": {"$binary": {"base64": "RSVfAVYIQRS+WNfMl7O/Ow==", "subType": "04"}}}, "documents": [{"_id": {"$oid": "65b3e533ea46914191b37268"}, "Name": "Jose Julian", "Surname": "Saavedra", "num": 3}]}' with request id 8 to database pruebasJava on connection [connectionId{localValue:2, serverValue:16}] to server localhost:27017
2024-01-26 18:00:35,553 [main] DEBUG org.mongodb.driver.protocol.command      - Execution of command with request id 8 completed successfully in 2.19 ms on connection [connectionId{localValue:2, serverValue:16}] to server localhost:27017
2024-01-26 18:00:35,554 [main] DEBUG org.mongodb.driver.operation             - retryWrites set to true but the server is a standalone server.
2024-01-26 18:00:35,556 [main] DEBUG org.mongodb.driver.protocol.command      - Sending command '{"insert": "pruebasJava", "ordered": true, "$db": "pruebasJava", "lsid": {"id": {"$binary": {"base64": "RSVfAVYIQRS+WNfMl7O/Ow==", "subType": "04"}}}, "documents": [{"_id": {"$oid": "65b3e533ea46914191b37269"}, "Name": "Diego", "Surname": "Hernando", "num": 4}]}' with request id 9 to database pruebasJava on connection [connectionId{localValue:2, serverValue:16}] to server localhost:27017
2024-01-26 18:00:35,557 [main] DEBUG org.mongodb.driver.protocol.command      - Execution of command with request id 9 completed successfully in 2.12 ms on connection [connectionId{localValue:2, serverValue:16}] to server localhost:27017
2024-01-26 18:00:35,577 [main] DEBUG org.mongodb.driver.protocol.command      - Sending command '{"listDatabases": 1, "nameOnly": true, "$db": "admin", "lsid": {"id": {"$binary": {"base64": "RSVfAVYIQRS+WNfMl7O/Ow==", "subType": "04"}}}}' with request id 10 to database admin on connection [connectionId{localValue:2, serverValue:16}] to server localhost:27017
2024-01-26 18:00:35,579 [main] DEBUG org.mongodb.driver.protocol.command      - Execution of command with request id 10 completed successfully in 1.94 ms on connection [connectionId{localValue:2, serverValue:16}] to server localhost:27017
2024-01-26 18:00:35,585 [main] DEBUG org.mongodb.driver.protocol.command      - Sending command '{"endSessions": [{"id": {"$binary": {"base64": "RSVfAVYIQRS+WNfMl7O/Ow==", "subType": "04"}}}], "$db": "admin", "$readPreference": {"mode": "primaryPreferred"}}' with request id 11 to database admin on connection [connectionId{localValue:2, serverValue:16}] to server localhost:27017
2024-01-26 18:00:35,588 [main] DEBUG org.mongodb.driver.protocol.command      - Execution of command with request id 11 completed successfully in 2.60 ms on connection [connectionId{localValue:2, serverValue:16}] to server localhost:27017
2024-01-26 18:02:59,734 [cluster-ClusterId{value='65b3e5c35d3c735ee6c7cdd8', description='null'}-localhost:27017] DEBUG org.mongodb.driver.protocol.command      - Sending command '{"ismaster": 1, "$db": "admin"}' with request id 3 to database admin on connection [connectionId{localValue:1, serverValue:17}] to server localhost:27017
2024-01-26 18:02:59,742 [cluster-ClusterId{value='65b3e5c35d3c735ee6c7cdd8', description='null'}-localhost:27017] DEBUG org.mongodb.driver.protocol.command      - Execution of command with request id 3 completed successfully in 42.51 ms on connection [connectionId{localValue:1, serverValue:17}] to server localhost:27017
2024-01-26 18:02:59,784 [main] DEBUG org.mongodb.driver.protocol.command      - Sending command '{"find": "product", "$db": "order", "lsid": {"id": {"$binary": {"base64": "JF8uDIllSBK6MkMWBf7SdA==", "subType": "04"}}}}' with request id 6 to database order on connection [connectionId{localValue:2, serverValue:18}] to server localhost:27017
2024-01-26 18:02:59,785 [main] DEBUG org.mongodb.driver.protocol.command      - Execution of command with request id 6 completed successfully in 4.01 ms on connection [connectionId{localValue:2, serverValue:18}] to server localhost:27017
2024-01-26 18:02:59,796 [main] DEBUG org.mongodb.driver.protocol.command      - Sending command '{"listDatabases": 1, "$db": "admin", "lsid": {"id": {"$binary": {"base64": "JF8uDIllSBK6MkMWBf7SdA==", "subType": "04"}}}}' with request id 7 to database admin on connection [connectionId{localValue:2, serverValue:18}] to server localhost:27017
2024-01-26 18:02:59,805 [main] DEBUG org.mongodb.driver.protocol.command      - Execution of command with request id 7 completed successfully in 8.97 ms on connection [connectionId{localValue:2, serverValue:18}] to server localhost:27017
2024-01-26 18:02:59,820 [main] DEBUG org.mongodb.driver.protocol.command      - Sending command '{"listCollections": 1, "cursor": {}, "nameOnly": true, "$db": "order", "lsid": {"id": {"$binary": {"base64": "JF8uDIllSBK6MkMWBf7SdA==", "subType": "04"}}}}' with request id 8 to database order on connection [connectionId{localValue:2, serverValue:18}] to server localhost:27017
2024-01-26 18:02:59,822 [main] DEBUG org.mongodb.driver.protocol.command      - Execution of command with request id 8 completed successfully in 2.76 ms on connection [connectionId{localValue:2, serverValue:18}] to server localhost:27017
2024-01-26 18:02:59,828 [main] DEBUG org.mongodb.driver.protocol.command      - Sending command '{"drop": "product", "$db": "order", "lsid": {"id": {"$binary": {"base64": "JF8uDIllSBK6MkMWBf7SdA==", "subType": "04"}}}}' with request id 9 to database order on connection [connectionId{localValue:2, serverValue:18}] to server localhost:27017
2024-01-26 18:02:59,830 [main] DEBUG org.mongodb.driver.protocol.command      - Execution of command with request id 9 completed successfully in 2.27 ms on connection [connectionId{localValue:2, serverValue:18}] to server localhost:27017
2024-01-26 18:06:32,711 [cluster-ClusterId{value='65b3e6982846586cc40f3534', description='null'}-localhost:27017] DEBUG org.mongodb.driver.protocol.command      - Sending command '{"ismaster": 1, "$db": "admin"}' with request id 3 to database admin on connection [connectionId{localValue:1, serverValue:19}] to server localhost:27017
2024-01-26 18:06:32,720 [cluster-ClusterId{value='65b3e6982846586cc40f3534', description='null'}-localhost:27017] DEBUG org.mongodb.driver.protocol.command      - Execution of command with request id 3 completed successfully in 41.74 ms on connection [connectionId{localValue:1, serverValue:19}] to server localhost:27017
2024-01-26 18:06:37,320 [main] DEBUG org.mongodb.driver.protocol.command      - Sending command '{"find": "Campeones", "$db": "League_Of_Legends", "lsid": {"id": {"$binary": {"base64": "83VTUsTmTweTHBAKTcRjTw==", "subType": "04"}}}}' with request id 6 to database League_Of_Legends on connection [connectionId{localValue:2, serverValue:20}] to server localhost:27017
2024-01-26 18:06:37,321 [main] DEBUG org.mongodb.driver.protocol.command      - Execution of command with request id 6 completed successfully in 2.67 ms on connection [connectionId{localValue:2, serverValue:20}] to server localhost:27017
2024-01-26 18:06:42,737 [cluster-ClusterId{value='65b3e6982846586cc40f3534', description='null'}-localhost:27017] DEBUG org.mongodb.driver.protocol.command      - Sending command '{"ismaster": 1, "$db": "admin"}' with request id 7 to database admin on connection [connectionId{localValue:1, serverValue:19}] to server localhost:27017
2024-01-26 18:06:42,740 [cluster-ClusterId{value='65b3e6982846586cc40f3534', description='null'}-localhost:27017] DEBUG org.mongodb.driver.protocol.command      - Execution of command with request id 7 completed successfully in 3.82 ms on connection [connectionId{localValue:1, serverValue:19}] to server localhost:27017
2024-01-26 18:06:52,743 [cluster-ClusterId{value='65b3e6982846586cc40f3534', description='null'}-localhost:27017] DEBUG org.mongodb.driver.protocol.command      - Sending command '{"ismaster": 1, "$db": "admin"}' with request id 8 to database admin on connection [connectionId{localValue:1, serverValue:19}] to server localhost:27017
2024-01-26 18:06:52,746 [cluster-ClusterId{value='65b3e6982846586cc40f3534', description='null'}-localhost:27017] DEBUG org.mongodb.driver.protocol.command      - Execution of command with request id 8 completed successfully in 2.56 ms on connection [connectionId{localValue:1, serverValue:19}] to server localhost:27017
2024-01-26 18:07:02,750 [cluster-ClusterId{value='65b3e6982846586cc40f3534', description='null'}-localhost:27017] DEBUG org.mongodb.driver.protocol.command      - Sending command '{"ismaster": 1, "$db": "admin"}' with request id 9 to database admin on connection [connectionId{localValue:1, serverValue:19}] to server localhost:27017
2024-01-26 18:07:02,750 [cluster-ClusterId{value='65b3e6982846586cc40f3534', description='null'}-localhost:27017] DEBUG org.mongodb.driver.protocol.command      - Execution of command with request id 9 completed successfully in 1.82 ms on connection [connectionId{localValue:1, serverValue:19}] to server localhost:27017
2024-01-26 18:07:08,380 [main] DEBUG org.mongodb.driver.protocol.command      - Sending command '{"find": "Campeones", "$db": "League_Of_Legends", "lsid": {"id": {"$binary": {"base64": "83VTUsTmTweTHBAKTcRjTw==", "subType": "04"}}}}' with request id 10 to database League_Of_Legends on connection [connectionId{localValue:2, serverValue:20}] to server localhost:27017
2024-01-26 18:07:08,381 [main] DEBUG org.mongodb.driver.protocol.command      - Execution of command with request id 10 completed successfully in 1.88 ms on connection [connectionId{localValue:2, serverValue:20}] to server localhost:27017
2024-01-26 18:07:12,759 [cluster-ClusterId{value='65b3e6982846586cc40f3534', description='null'}-localhost:27017] DEBUG org.mongodb.driver.protocol.command      - Sending command '{"ismaster": 1, "$db": "admin"}' with request id 11 to database admin on connection [connectionId{localValue:1, serverValue:19}] to server localhost:27017
2024-01-26 18:07:12,761 [cluster-ClusterId{value='65b3e6982846586cc40f3534', description='null'}-localhost:27017] DEBUG org.mongodb.driver.protocol.command      - Execution of command with request id 11 completed successfully in 1.59 ms on connection [connectionId{localValue:1, serverValue:19}] to server localhost:27017
2024-01-26 18:07:22,776 [cluster-ClusterId{value='65b3e6982846586cc40f3534', description='null'}-localhost:27017] DEBUG org.mongodb.driver.protocol.command      - Sending command '{"ismaster": 1, "$db": "admin"}' with request id 12 to database admin on connection [connectionId{localValue:1, serverValue:19}] to server localhost:27017
2024-01-26 18:07:22,778 [cluster-ClusterId{value='65b3e6982846586cc40f3534', description='null'}-localhost:27017] DEBUG org.mongodb.driver.protocol.command      - Execution of command with request id 12 completed successfully in 2.20 ms on connection [connectionId{localValue:1, serverValue:19}] to server localhost:27017
